2017-05-17 09:09:35,579 [[1;44m[1;44mINFO[1;0m[1;0m] __init__: Starting the confd network listener daemon  thread ...
2017-05-17 09:09:35,580 [[1;44m[1;44mINFO[1;0m[1;0m] __init__: Starting the confd controller daemon  thread ...
2017-05-17 09:09:35,580 [[1;44m[1;44mINFO[1;0m[1;0m] <module>: sending topo config
2017-05-17 09:09:35,709 [[1;41m[1;41mERROR[1;0m[1;0m] process_network_config: Need some configuration...
2017-05-17 09:09:35,710 [[1;44m[1;44mINFO[1;0m[1;0m] <module>: sending requirement-0 config
2017-05-17 09:09:35,850 [[1;41m[1;41mERROR[1;0m[1;0m] setup_requirement: Need some requirements...
2017-05-17 09:10:37,785 [[1;44m[1;44mINFO[1;0m[1;0m] __init__: Starting the confd network listener daemon  thread ...
2017-05-17 09:10:37,786 [[1;44m[1;44mINFO[1;0m[1;0m] __init__: Starting the confd controller daemon  thread ...
2017-05-17 09:10:37,787 [[1;44m[1;44mINFO[1;0m[1;0m] <module>: sending topo config
2017-05-17 09:10:38,685 [[1;44m[1;44mINFO[1;0m[1;0m] handle: 127.0.0.1 connected
2017-05-17 09:10:38,686 [[1;44m[1;44mINFO[1;0m[1;0m] handle: received new configurations
2017-05-17 09:10:38,688 [[1;44m[1;44mINFO[1;0m[1;0m] handle: SUCCESS : configurations pass check
2017-05-17 09:10:43,794 [[1;44m[1;44mINFO[1;0m[1;0m] process_network_config: Storing JSON network configuration...
2017-05-17 09:10:43,795 [[1;44m[1;44mINFO[1;0m[1;0m] _start_network: Start network
2017-05-17 09:10:43,802 [[1;44m[1;44mINFO[1;0m[1;0m] build:  SUCCESS received config
2017-05-17 09:11:13,354 [[1;44m[1;44mINFO[1;0m[1;0m] <module>: sending requirement-0 config
2017-05-17 09:11:14,149 [[1;44m[1;44mINFO[1;0m[1;0m] handle: 127.0.0.1 connected
2017-05-17 09:11:14,150 [[1;44m[1;44mINFO[1;0m[1;0m] handle: SUCCESS : configurations pass check
2017-05-17 09:11:19,201 [[1;44m[1;44mINFO[1;0m[1;0m] setup_requirement: Storing JSON requirements...
2017-05-17 09:11:19,201 [[1;44m[1;44mINFO[1;0m[1;0m] _start_controller: Start controller
2017-05-17 09:11:19,202 [[1;44m[1;44mINFO[1;0m[1;0m] _start: creating SouthBoundExtended for C1...
2017-05-17 09:11:29,220 [[1;44m[1;44mINFO[1;0m[1;0m] complete_path: Success path expansion...
2017-05-17 09:11:29,221 [[1;44m[1;44mINFO[1;0m[1;0m] complete_path: Path : ['ATLA', 'HOUS', 'LOSA']  for :LOSA
2017-05-17 09:11:29,222 [[1;44m[1;44mINFO[1;0m[1;0m] run: starting SouthBoundExtended for C1
2017-05-17 09:17:39,138 [[1;44m[1;44mINFO[1;0m[1;0m] __init__: Starting the confd network listener daemon  thread ...
2017-05-17 09:17:39,139 [[1;44m[1;44mINFO[1;0m[1;0m] __init__: Starting the confd controller daemon  thread ...
2017-05-17 09:17:39,140 [[1;44m[1;44mINFO[1;0m[1;0m] <module>: sending topo config
2017-05-17 09:17:45,407 [[1;41m[1;41mERROR[1;0m[1;0m] process_network_config: Need some configuration...
2017-05-17 09:17:45,407 [[1;44m[1;44mINFO[1;0m[1;0m] <module>: sending requirement-0 config
2017-05-17 09:17:51,022 [[1;41m[1;41mERROR[1;0m[1;0m] setup_requirement: Need some requirements...
2017-05-17 09:18:35,004 [[1;44m[1;44mINFO[1;0m[1;0m] _quit: Quitting...
2017-05-17 09:18:35,005 [[1;44m[1;44mINFO[1;0m[1;0m] shutdown: Closing connection
